c:\users\kirill\desktop\server\rathena\.vs\build\map-server\x64\debug\vc143.pdb
c:\users\kirill\desktop\server\rathena\.vs\build\map-server\x64\debug\vc143.idb
c:\users\kirill\desktop\server\rathena\.vs\build\map-server\x64\debug\log.obj
c:\users\kirill\desktop\server\rathena\.vs\build\map-server\x64\debug\itemdb.obj
c:\users\kirill\desktop\server\rathena\.vs\build\map-server\x64\debug\intif.obj
c:\users\kirill\desktop\server\rathena\.vs\build\map-server\x64\debug\instance.obj
c:\users\kirill\desktop\server\rathena\.vs\build\map-server\x64\debug\homunculus.obj
c:\users\kirill\desktop\server\rathena\.vs\build\map-server\x64\debug\guild.obj
c:\users\kirill\desktop\server\rathena\.vs\build\map-server\x64\debug\elemental.obj
c:\users\kirill\desktop\server\rathena\.vs\build\map-server\x64\debug\duel.obj
c:\users\kirill\desktop\server\rathena\.vs\build\map-server\x64\debug\date.obj
c:\users\kirill\desktop\server\rathena\.vs\build\map-server\x64\debug\clif.obj
c:\users\kirill\desktop\server\rathena\.vs\build\map-server\x64\debug\clan.obj
c:\users\kirill\desktop\server\rathena\.vs\build\map-server\x64\debug\chrif.obj
c:\users\kirill\desktop\server\rathena\.vs\build\map-server\x64\debug\chat.obj
c:\users\kirill\desktop\server\rathena\.vs\build\map-server\x64\debug\channel.obj
c:\users\kirill\desktop\server\rathena\.vs\build\map-server\x64\debug\cashshop.obj
c:\users\kirill\desktop\server\rathena\.vs\build\map-server\x64\debug\buyingstore.obj
c:\users\kirill\desktop\server\rathena\.vs\build\map-server\x64\debug\battleground.obj
c:\users\kirill\desktop\server\rathena\.vs\build\map-server\x64\debug\battle.obj
c:\users\kirill\desktop\server\rathena\.vs\build\map-server\x64\debug\atcommand.obj
c:\users\kirill\desktop\server\rathena\.vs\build\map-server\x64\debug\achievement.obj
c:\users\kirill\desktop\server\rathena\.vs\build\map-server\x64\debug\unit.obj
c:\users\kirill\desktop\server\rathena\.vs\build\map-server\x64\debug\trade.obj
c:\users\kirill\desktop\server\rathena\.vs\build\map-server\x64\debug\storage.obj
c:\users\kirill\desktop\server\rathena\.vs\build\map-server\x64\debug\status.obj
c:\users\kirill\desktop\server\rathena\.vs\build\map-server\x64\debug\skill.obj
c:\users\kirill\desktop\server\rathena\.vs\build\map-server\x64\debug\searchstore.obj
c:\users\kirill\desktop\server\rathena\.vs\build\map-server\x64\debug\script.obj
c:\users\kirill\desktop\server\rathena\.vs\build\map-server\x64\debug\quest.obj
c:\users\kirill\desktop\server\rathena\.vs\build\map-server\x64\debug\pet.obj
c:\users\kirill\desktop\server\rathena\.vs\build\map-server\x64\debug\pc_groups.obj
c:\users\kirill\desktop\server\rathena\.vs\build\map-server\x64\debug\pc.obj
c:\users\kirill\desktop\server\rathena\.vs\build\map-server\x64\debug\path.obj
c:\users\kirill\desktop\server\rathena\.vs\build\map-server\x64\debug\party.obj
c:\users\kirill\desktop\server\rathena\.vs\build\map-server\x64\debug\npc_chat.obj
c:\users\kirill\desktop\server\rathena\.vs\build\map-server\x64\debug\npc.obj
c:\users\kirill\desktop\server\rathena\.vs\build\map-server\x64\debug\mob.obj
c:\users\kirill\desktop\server\rathena\.vs\build\map-server\x64\debug\mercenary.obj
c:\users\kirill\desktop\server\rathena\.vs\build\map-server\x64\debug\mapreg.obj
c:\users\kirill\desktop\server\rathena\.vs\build\map-server\x64\debug\map.obj
c:\users\kirill\desktop\server\rathena\.vs\build\map-server\x64\debug\mail.obj
c:\users\kirill\desktop\server\rathena\.vs\build\map-server\x64\debug\vending.obj
c:\users\kirill\desktop\server\rathena\.vs\build\map-server\x64\debug\map-server.ilk
c:\users\kirill\desktop\server\rathena\map-server.exe
c:\users\kirill\desktop\server\rathena\map-server.pdb
c:\users\kirill\desktop\server\rathena\.vs\build\map-server\x64\debug\map-server.vcxproj.filelistabsolute.txt
c:\users\kirill\desktop\server\rathena\.vs\build\map-server\x64\debug\map-server.tlog\cl.command.1.tlog
c:\users\kirill\desktop\server\rathena\.vs\build\map-server\x64\debug\map-server.tlog\cl.read.1.tlog
c:\users\kirill\desktop\server\rathena\.vs\build\map-server\x64\debug\map-server.tlog\cl.write.1.tlog
c:\users\kirill\desktop\server\rathena\.vs\build\map-server\x64\debug\map-server.tlog\link.command.1.tlog
c:\users\kirill\desktop\server\rathena\.vs\build\map-server\x64\debug\map-server.tlog\link.read.1.tlog
c:\users\kirill\desktop\server\rathena\.vs\build\map-server\x64\debug\map-server.tlog\link.write.1.tlog
