c:\users\kirill\desktop\server\rathena\.vs\build\char-server\x64\debug\vc143.pdb
c:\users\kirill\desktop\server\rathena\.vs\build\char-server\x64\debug\vc143.idb
c:\users\kirill\desktop\server\rathena\.vs\build\char-server\x64\debug\int_storage.obj
c:\users\kirill\desktop\server\rathena\.vs\build\char-server\x64\debug\int_quest.obj
c:\users\kirill\desktop\server\rathena\.vs\build\char-server\x64\debug\int_pet.obj
c:\users\kirill\desktop\server\rathena\.vs\build\char-server\x64\debug\int_party.obj
c:\users\kirill\desktop\server\rathena\.vs\build\char-server\x64\debug\int_mercenary.obj
c:\users\kirill\desktop\server\rathena\.vs\build\char-server\x64\debug\int_mail.obj
c:\users\kirill\desktop\server\rathena\.vs\build\char-server\x64\debug\int_homun.obj
c:\users\kirill\desktop\server\rathena\.vs\build\char-server\x64\debug\int_guild.obj
c:\users\kirill\desktop\server\rathena\.vs\build\char-server\x64\debug\int_elemental.obj
c:\users\kirill\desktop\server\rathena\.vs\build\char-server\x64\debug\int_clan.obj
c:\users\kirill\desktop\server\rathena\.vs\build\char-server\x64\debug\int_auction.obj
c:\users\kirill\desktop\server\rathena\.vs\build\char-server\x64\debug\int_achievement.obj
c:\users\kirill\desktop\server\rathena\.vs\build\char-server\x64\debug\inter.obj
c:\users\kirill\desktop\server\rathena\.vs\build\char-server\x64\debug\char_mapif.obj
c:\users\kirill\desktop\server\rathena\.vs\build\char-server\x64\debug\char_logif.obj
c:\users\kirill\desktop\server\rathena\.vs\build\char-server\x64\debug\char_cnslif.obj
c:\users\kirill\desktop\server\rathena\.vs\build\char-server\x64\debug\char_clif.obj
c:\users\kirill\desktop\server\rathena\.vs\build\char-server\x64\debug\char.obj
c:\users\kirill\desktop\server\rathena\.vs\build\char-server\x64\debug\char-server.ilk
c:\users\kirill\desktop\server\rathena\char-server.exe
c:\users\kirill\desktop\server\rathena\char-server.pdb
c:\users\kirill\desktop\server\rathena\.vs\build\char-server\x64\debug\char-server.vcxproj.filelistabsolute.txt
c:\users\kirill\desktop\server\rathena\.vs\build\char-server\x64\debug\char-server.tlog\cl.command.1.tlog
c:\users\kirill\desktop\server\rathena\.vs\build\char-server\x64\debug\char-server.tlog\cl.read.1.tlog
c:\users\kirill\desktop\server\rathena\.vs\build\char-server\x64\debug\char-server.tlog\cl.write.1.tlog
c:\users\kirill\desktop\server\rathena\.vs\build\char-server\x64\debug\char-server.tlog\link.command.1.tlog
c:\users\kirill\desktop\server\rathena\.vs\build\char-server\x64\debug\char-server.tlog\link.read.1.tlog
c:\users\kirill\desktop\server\rathena\.vs\build\char-server\x64\debug\char-server.tlog\link.write.1.tlog
