c:\users\kirill\desktop\server\rathena\.vs\build\common.pdb
c:\users\kirill\desktop\server\rathena\.vs\build\common.idb
c:\users\kirill\desktop\server\rathena\.vs\build\common\x64\debug\utils.obj
c:\users\kirill\desktop\server\rathena\.vs\build\common\x64\debug\timer.obj
c:\users\kirill\desktop\server\rathena\.vs\build\common\x64\debug\strlib.obj
c:\users\kirill\desktop\server\rathena\.vs\build\common\x64\debug\sql.obj
c:\users\kirill\desktop\server\rathena\.vs\build\common\x64\debug\socket.obj
c:\users\kirill\desktop\server\rathena\.vs\build\common\x64\debug\showmsg.obj
c:\users\kirill\desktop\server\rathena\.vs\build\common\x64\debug\random.obj
c:\users\kirill\desktop\server\rathena\.vs\build\common\x64\debug\nullpo.obj
c:\users\kirill\desktop\server\rathena\.vs\build\common\x64\debug\msg_conf.obj
c:\users\kirill\desktop\server\rathena\.vs\build\common\x64\debug\md5calc.obj
c:\users\kirill\desktop\server\rathena\.vs\build\common\x64\debug\mapindex.obj
c:\users\kirill\desktop\server\rathena\.vs\build\common\x64\debug\malloc.obj
c:\users\kirill\desktop\server\rathena\.vs\build\common\x64\debug\grfio.obj
c:\users\kirill\desktop\server\rathena\.vs\build\common\x64\debug\ers.obj
c:\users\kirill\desktop\server\rathena\.vs\build\common\x64\debug\des.obj
c:\users\kirill\desktop\server\rathena\.vs\build\common\x64\debug\db.obj
c:\users\kirill\desktop\server\rathena\.vs\build\common\x64\debug\database.obj
c:\users\kirill\desktop\server\rathena\.vs\build\common\x64\debug\core.obj
c:\users\kirill\desktop\server\rathena\.vs\build\common\x64\debug\conf.obj
c:\users\kirill\desktop\server\rathena\.vs\build\common\x64\debug\cli.obj
c:\users\kirill\desktop\server\rathena\.vs\build\common\x64\debug\utilities.obj
c:\users\kirill\desktop\server\rathena\.vs\build\common\x64\debug\winapi.obj
c:\users\kirill\desktop\server\rathena\.vs\build\common.lib
c:\users\kirill\desktop\server\rathena\.vs\build\common\x64\debug\common.vcxproj.filelistabsolute.txt
c:\users\kirill\desktop\server\rathena\.vs\build\common\x64\debug\common.tlog\cl.command.1.tlog
c:\users\kirill\desktop\server\rathena\.vs\build\common\x64\debug\common.tlog\cl.read.1.tlog
c:\users\kirill\desktop\server\rathena\.vs\build\common\x64\debug\common.tlog\cl.write.1.tlog
c:\users\kirill\desktop\server\rathena\.vs\build\common\x64\debug\common.tlog\lib-link.read.1.tlog
c:\users\kirill\desktop\server\rathena\.vs\build\common\x64\debug\common.tlog\lib-link.write.1.tlog
c:\users\kirill\desktop\server\rathena\.vs\build\common\x64\debug\common.tlog\lib.command.1.tlog
