c:\users\kirill\desktop\server\rathena\.vs\build\yaml-cpp.pdb
c:\users\kirill\desktop\server\rathena\.vs\build\yaml-cpp.idb
c:\users\kirill\desktop\server\rathena\.vs\build\yaml-cpp\x64\debug\parse.obj
c:\users\kirill\desktop\server\rathena\.vs\build\yaml-cpp\x64\debug\ostream_wrapper.obj
c:\users\kirill\desktop\server\rathena\.vs\build\yaml-cpp\x64\debug\null.obj
c:\users\kirill\desktop\server\rathena\.vs\build\yaml-cpp\x64\debug\node_data.obj
c:\users\kirill\desktop\server\rathena\.vs\build\yaml-cpp\x64\debug\nodeevents.obj
c:\users\kirill\desktop\server\rathena\.vs\build\yaml-cpp\x64\debug\nodebuilder.obj
c:\users\kirill\desktop\server\rathena\.vs\build\yaml-cpp\x64\debug\node.obj
c:\users\kirill\desktop\server\rathena\.vs\build\yaml-cpp\x64\debug\memory.obj
c:\users\kirill\desktop\server\rathena\.vs\build\yaml-cpp\x64\debug\exp.obj
c:\users\kirill\desktop\server\rathena\.vs\build\yaml-cpp\x64\debug\exceptions.obj
c:\users\kirill\desktop\server\rathena\.vs\build\yaml-cpp\x64\debug\emitterutils.obj
c:\users\kirill\desktop\server\rathena\.vs\build\yaml-cpp\x64\debug\emitterstate.obj
c:\users\kirill\desktop\server\rathena\.vs\build\yaml-cpp\x64\debug\emitter.obj
c:\users\kirill\desktop\server\rathena\.vs\build\yaml-cpp\x64\debug\emitfromevents.obj
c:\users\kirill\desktop\server\rathena\.vs\build\yaml-cpp\x64\debug\emit.obj
c:\users\kirill\desktop\server\rathena\.vs\build\yaml-cpp\x64\debug\directives.obj
c:\users\kirill\desktop\server\rathena\.vs\build\yaml-cpp\x64\debug\convert.obj
c:\users\kirill\desktop\server\rathena\.vs\build\yaml-cpp\x64\debug\graphbuilderadapter.obj
c:\users\kirill\desktop\server\rathena\.vs\build\yaml-cpp\x64\debug\graphbuilder.obj
c:\users\kirill\desktop\server\rathena\.vs\build\yaml-cpp\x64\debug\binary.obj
c:\users\kirill\desktop\server\rathena\.vs\build\yaml-cpp\x64\debug\tag.obj
c:\users\kirill\desktop\server\rathena\.vs\build\yaml-cpp\x64\debug\stream.obj
c:\users\kirill\desktop\server\rathena\.vs\build\yaml-cpp\x64\debug\singledocparser.obj
c:\users\kirill\desktop\server\rathena\.vs\build\yaml-cpp\x64\debug\simplekey.obj
c:\users\kirill\desktop\server\rathena\.vs\build\yaml-cpp\x64\debug\scantoken.obj
c:\users\kirill\desktop\server\rathena\.vs\build\yaml-cpp\x64\debug\scantag.obj
c:\users\kirill\desktop\server\rathena\.vs\build\yaml-cpp\x64\debug\scanscalar.obj
c:\users\kirill\desktop\server\rathena\.vs\build\yaml-cpp\x64\debug\scanner.obj
c:\users\kirill\desktop\server\rathena\.vs\build\yaml-cpp\x64\debug\regex_yaml.obj
c:\users\kirill\desktop\server\rathena\.vs\build\yaml-cpp\x64\debug\parser.obj
c:\users\kirill\desktop\server\rathena\.vs\build\yaml-cpp.lib
c:\users\kirill\desktop\server\rathena\.vs\build\yaml-cpp\x64\debug\yaml-cpp.vcxproj.filelistabsolute.txt
c:\users\kirill\desktop\server\rathena\.vs\build\yaml-cpp\x64\debug\yaml-cpp.tlog\cl.command.1.tlog
c:\users\kirill\desktop\server\rathena\.vs\build\yaml-cpp\x64\debug\yaml-cpp.tlog\cl.read.1.tlog
c:\users\kirill\desktop\server\rathena\.vs\build\yaml-cpp\x64\debug\yaml-cpp.tlog\cl.write.1.tlog
c:\users\kirill\desktop\server\rathena\.vs\build\yaml-cpp\x64\debug\yaml-cpp.tlog\lib-link.read.1.tlog
c:\users\kirill\desktop\server\rathena\.vs\build\yaml-cpp\x64\debug\yaml-cpp.tlog\lib-link.write.1.tlog
c:\users\kirill\desktop\server\rathena\.vs\build\yaml-cpp\x64\debug\yaml-cpp.tlog\lib.command.1.tlog
